2022-10-21 20:18:26,534:, INFO:,root:,*******testhomepagetitle********
2022-10-21 20:18:33,383:, INFO:,root:,*******successfully verified the site********
2022-10-21 20:18:37,575:, INFO:,root:,*******inside the sign in page********
2022-10-23 13:52:29,415:, INFO:,root:,*******testsigningpage********
2022-10-23 14:06:15,439:, INFO:,root:,*******testsigningpage1********
2022-10-23 14:06:27,845:, INFO:,root:,*******MailID is valid and proceed for registration********
2022-10-23 14:07:20,226:, INFO:,root:,*******testsigningpage1********
2022-10-23 14:07:31,091:, INFO:,root:,*******MailID is valid and proceed for registration********
2022-10-23 14:07:32,466:, INFO:,root:,*******testsigningpage2********
2022-10-23 14:24:40,336:, INFO:,root:,*******testsigningpage1********
2022-10-23 14:24:51,018:, INFO:,root:,*******MailID is valid and proceed for registration********
2022-10-23 14:24:52,318:, INFO:,root:,*******testsigningpage2********
2022-10-23 14:27:07,000:, INFO:,root:,*******testsigningpage1********
2022-10-23 14:27:17,947:, INFO:,root:,*******MailID is valid and proceed for registration********
2022-10-23 14:27:19,275:, INFO:,root:,*******testsigningpage2********
2022-10-23 14:27:55,744:, INFO:,root:,*******testsigningpage1********
2022-10-23 14:28:09,703:, INFO:,root:,*******MailID is valid and proceed for registration********
2022-10-23 14:28:10,989:, INFO:,root:,*******testsigningpage2********
2022-10-23 14:31:04,946:, INFO:,root:,*******testsigningpage1********
2022-10-23 14:31:17,917:, INFO:,root:,*******MailID is valid and proceed for registration********
2022-10-23 14:31:19,206:, INFO:,root:,*******testsigningpage2********
2022-10-23 14:35:53,001:, INFO:,root:,*******testsigningpage1********
2022-10-23 14:36:03,407:, INFO:,root:,*******MailID is valid and proceed for registration********
2022-10-23 14:36:04,754:, INFO:,root:,*******testsigningpage2********
2022-10-23 20:47:07,553:, INFO:,root:,*******testsigningpage1********
2022-10-23 20:47:18,358:, INFO:,root:,*******MailID is valid and proceed for registration********
2022-10-23 20:47:19,732:, INFO:,root:,*******testsigningpage2********
2022-10-23 20:48:39,973:, INFO:,root:,*******testsigningpage1********
2022-10-23 20:48:49,232:, INFO:,root:,*******MailID is valid and proceed for registration********
2022-10-23 20:48:50,563:, INFO:,root:,*******testsigningpage2********
2022-10-23 20:55:23,501:, INFO:,root:,*******testsigningpage1********
2022-10-23 20:55:36,072:, INFO:,root:,*******MailID is valid and proceed for registration********
2022-10-23 20:55:37,168:, INFO:,root:,*******testsigningpage2********
2022-10-23 20:57:14,401:, INFO:,root:,*******testsigningpage1********
2022-10-23 20:57:34,233:, INFO:,root:,*******MailID is valid and proceed for registration********
2022-10-23 20:57:47,423:, INFO:,root:,*******testsigningpage2********
2022-10-23 22:15:23,354:, INFO:,root:,*******testsigningpage1********
2022-10-23 22:15:41,159:, INFO:,root:,*******MailID is valid and proceed for registration********
2022-10-23 22:15:42,522:, INFO:,root:,*******testsigningpage2********
2022-10-23 22:42:44,525:, INFO:,root:,*******testsigningpage2********
2022-10-25 13:56:37,720:, INFO:,root:,*******testsigningpage2********
2022-10-25 13:57:54,972:, INFO:,root:,*******testsigningpage2********
2022-10-25 14:00:40,989:, INFO:,root:,*******testsigningpage2********
2022-10-25 14:04:50,161:, INFO:,root:,*******testsigningpage2********
2022-10-25 14:05:36,211:, INFO:,root:,*******testsigningpage2********
2022-10-25 14:09:37,399:, INFO:,root:,*******testsigningpage2********
2022-10-25 14:10:39,751:, INFO:,root:,*******testsigningpage2********
2022-10-25 14:13:46,485:, INFO:,root:,*******testsigningpage2********
2022-10-25 16:28:51,325:, INFO:,root:,*******testsigningpage1********
2022-10-25 16:29:40,832:, INFO:,root:,*******MailID is valid and proceed for registration********
2022-10-25 16:41:31,627:, INFO:,root:,*******testsigningpage1********
2022-10-25 16:43:18,584:, INFO:,root:,*******testsigningpage1********
2022-10-25 16:43:53,523:, INFO:,root:,*******MailID is valid and proceed for registration********
2022-10-25 16:48:08,907:, INFO:,root:,*******testsigningpage1********
2022-10-25 16:48:29,117:, INFO:,root:,*******MailID is valid and proceed for registration********
2022-10-25 16:48:30,381:, INFO:,root:,*******testsigningpage2********
2022-10-25 16:48:47,231:, ERROR:,root:,*******registration is unsuccessful********
2022-10-25 16:48:48,524:, INFO:,root:,*******testsigningpage3********
2022-10-25 16:49:09,256:, INFO:,root:,*******registration is successful********
2022-10-25 16:50:45,339:, INFO:,root:,*******testsigningpage3********
2022-10-25 16:51:04,905:, INFO:,root:,*******registration is successful********
2022-10-25 16:54:28,397:, INFO:,root:,*******testsigningpage3********
2022-10-25 16:54:42,748:, ERROR:,root:,*******registration is unsuccessful********
2022-10-25 16:55:20,552:, INFO:,root:,*******testsigningpage3********
2022-10-25 16:56:14,892:, INFO:,root:,*******testsigningpage3********
2022-10-25 16:56:30,505:, ERROR:,root:,*******registration is unsuccessful********
2022-10-25 17:18:09,693:, INFO:,root:,*******testsigningpage1********
2022-10-25 17:18:26,402:, ERROR:,root:,*******Registration page is not available********
2022-10-25 17:21:00,316:, INFO:,root:,*******testsigningpage1********
2022-10-25 17:21:16,345:, INFO:,root:,*******MailID is valid and proceed for registration********
2022-10-25 17:23:30,100:, INFO:,root:,*******testsigningpage1********
2022-10-25 17:23:44,119:, INFO:,root:,*******MailID is valid and proceed for registration********
2022-10-25 17:27:34,178:, INFO:,root:,*******testsigningpage1********
2022-10-25 17:27:55,014:, INFO:,root:,*******MailID is valid and proceed for registration********
2022-10-25 17:29:39,146:, INFO:,root:,*******testsigningpage1********
2022-10-25 17:29:53,667:, INFO:,root:,*******MailID is valid and proceed for registration********
2022-10-25 17:32:53,074:, INFO:,root:,*******testsigningpage1********
2022-10-25 17:33:05,692:, INFO:,root:,*******testsigningpage1********
2022-10-25 17:33:50,354:, INFO:,root:,*******MailID is valid and proceed for registration********
2022-10-25 17:36:35,386:, INFO:,root:,*******testsigningpage1********
2022-10-25 17:37:11,426:, INFO:,root:,*******testsigningpage1********
2022-10-25 17:37:51,861:, INFO:,root:,*******MailID is valid and proceed for registration********
2022-10-25 17:38:50,785:, INFO:,root:,*******testsigningpage1********
2022-10-25 17:39:32,767:, INFO:,root:,*******MailID is valid and proceed for registration********
2022-10-25 17:41:44,651:, INFO:,root:,*******testsigningpage1********
2022-10-25 17:42:42,249:, INFO:,root:,*******testsigningpage1********
2022-10-25 17:45:05,025:, INFO:,root:,*******testsigningpage1********
2022-10-25 17:46:14,313:, INFO:,root:,*******testsigningpage1********
2022-10-25 17:47:20,926:, INFO:,root:,*******testsigningpage1********
2022-10-25 17:47:28,063:, INFO:,root:,*******testsigningpage1********
2022-10-25 17:49:27,979:, INFO:,root:,*******testsigningpage1********
2022-10-25 17:50:39,423:, INFO:,root:,*******testsigningpage1********
2022-10-25 18:00:49,027:, INFO:,root:,*******testsigningpage1********
2022-10-25 18:00:55,988:, INFO:,root:,*******testsigningpage1********
2022-10-25 18:02:10,842:, INFO:,root:,*******testsigningpage1********
2022-10-25 18:02:38,310:, INFO:,root:,*******testsigningpage1********
2022-10-25 18:03:03,576:, INFO:,root:,*******testsigningpage1********
2022-10-25 18:03:10,840:, INFO:,root:,*******testsigningpage1********
2022-10-25 18:03:47,090:, INFO:,root:,*******testsigningpage1********
2022-10-25 18:04:50,970:, INFO:,root:,*******testsigningpage1********
2022-10-25 18:21:41,412:, INFO:,root:,*******testsigningpage1********
2022-10-25 18:29:43,879:, INFO:,root:,*******testsigningpage1********
2022-10-25 18:31:26,544:, INFO:,root:,*******testsigningpage1********
2022-10-25 18:31:34,197:, INFO:,root:,*******testsigningpage1********
2022-10-25 18:32:34,251:, INFO:,root:,*******testsigningpage1********
2022-10-25 18:32:40,808:, INFO:,root:,*******testsigningpage1********
2022-10-25 18:33:06,063:, INFO:,root:,*******testsigningpage1********
2022-10-26 10:32:51,933:, INFO:,root:,*******testsigningpage1********
2022-10-26 10:33:36,207:, INFO:,root:,*******testsigningpage1********
2022-10-26 10:34:20,576:, INFO:,root:,*******testsigningpage1********
2022-10-26 10:35:16,102:, INFO:,root:,*******testsigningpage1********
2022-10-26 10:58:22,757:, INFO:,root:,*******testsigningpage2********
2022-10-26 10:59:19,209:, INFO:,root:,*******testsigningpage1********
2022-10-26 10:59:32,184:, INFO:,root:,******MailID is valid and proceed for registration********
2022-10-26 11:00:36,996:, INFO:,root:,*******testsigningpage1********
2022-10-26 11:00:52,992:, INFO:,root:,******MailID is valid and proceed for registration********
2022-10-26 11:00:54,271:, INFO:,root:,*******testsigningpage2********
2022-10-26 11:01:09,140:, INFO:,root:,*******testsigningpage3********
2022-10-26 11:04:06,020:, INFO:,root:,*******testsigningpage1********
2022-10-26 11:04:22,235:, INFO:,root:,******MailID is valid and proceed for registration********
2022-10-26 11:04:23,476:, INFO:,root:,*******testsigningpage2********
2022-10-26 11:04:39,178:, INFO:,root:,*******testsigningpage3********
2022-10-26 11:06:41,127:, INFO:,root:,*******testsigningpage1********
2022-10-26 11:06:55,858:, INFO:,root:,******MailID is valid and proceed for registration********
2022-10-26 11:07:13,234:, INFO:,root:,*******testsigningpage2********
2022-10-26 11:25:47,250:, INFO:,root:,*******testsigningpage2********
2022-10-26 11:26:02,942:, ERROR:,root:,*******registration is unsuccessful********
2022-10-26 11:26:41,710:, INFO:,root:,*******testsigningpage1********
2022-10-26 11:26:58,899:, INFO:,root:,******MailID is valid and proceed for registration********
2022-10-26 11:27:16,288:, INFO:,root:,*******testsigningpage2********
2022-10-26 11:27:36,740:, ERROR:,root:,*******registration is unsuccessful********
2022-10-26 11:27:38,131:, INFO:,root:,*******testsigningpage3********
2022-10-26 11:27:53,888:, ERROR:,root:,*******registration is unsuccessful********
2022-10-26 11:29:15,825:, INFO:,root:,*******testsigningpage1********
2022-10-26 11:29:31,137:, INFO:,root:,******MailID is valid and proceed for registration********
2022-10-26 11:30:28,607:, INFO:,root:,*******testsigningpage1********
2022-10-26 11:30:44,665:, INFO:,root:,******MailID is valid and proceed for registration********
2022-10-26 12:04:50,905:, INFO:,root:,*******testsigningpage1********
2022-10-26 12:04:58,707:, INFO:,root:,*******testsigningpage2********
2022-10-26 12:05:05,202:, INFO:,root:,*******testsigningpage3********
2022-10-26 17:16:55,863:, INFO:,root:,*******testsigningpage1********
2022-10-28 19:48:27,591:, INFO:,root:,*******testhomepagetitle********
2022-10-28 19:48:43,199:, INFO:,root:,*******testhomepagetitle********
2022-10-28 19:48:48,645:, INFO:,root:,*******testsigningpage1********
2022-10-28 19:48:54,302:, INFO:,root:,*******testsigningpage2********
2022-10-28 19:48:59,825:, INFO:,root:,*******testsigningpage3********
2022-10-28 19:49:00,811:, INFO:,root:,*******testsigningpage1********
2022-10-28 19:49:06,020:, INFO:,root:,*******testsigningpage2********
2022-10-28 19:55:13,670:, INFO:,root:,*******testsigningpage1********
2022-10-28 19:55:19,504:, INFO:,root:,*******testsigningpage2********
2022-10-28 19:55:24,366:, INFO:,root:,*******testsigningpage3********
2022-10-28 19:57:39,164:, INFO:,root:,*******testsigningpage1********
2022-10-28 19:57:44,063:, INFO:,root:,*******testsigningpage2********
2022-10-28 19:57:45,649:, INFO:,root:,*******testhomepagetitle********
2022-10-28 19:57:48,934:, INFO:,root:,*******testsigningpage3********
2022-10-28 19:57:55,644:, INFO:,root:,*******testhomepagetitle********
2022-10-28 19:58:09,031:, INFO:,root:,*******testhomepagetitle********
2022-10-28 20:06:49,857:, INFO:,root:,*******testsigningpage1********
2022-10-28 20:07:23,036:, INFO:,root:,*******testsigningpage1********
2022-10-28 20:07:49,148:, INFO:,root:,*******testsigningpage1********
2022-10-28 20:08:06,040:, INFO:,root:,*******testsigningpage1********
2022-10-28 20:08:17,371:, INFO:,root:,*******testsigningpage1********
2022-10-28 20:09:40,813:, INFO:,root:,*******testsigningpage1********
2022-10-28 20:23:12,224:, INFO:,root:,*******testsigningpage1********
2022-10-28 20:35:22,643:, INFO:,root:,*******testcheckinput********
2022-10-28 20:51:09,254:, INFO:,root:,*******testcheckinput********
2022-10-28 20:51:59,952:, INFO:,root:,*******testcheckinput********
2022-10-28 20:55:14,392:, INFO:,root:,*******testcheckinput********
2022-10-28 20:56:34,386:, INFO:,root:,*******testcheckinput********
2022-10-28 20:57:47,128:, INFO:,root:,*******testcheckinput********
2022-10-28 20:59:39,945:, INFO:,root:,*******testcheckinput********
2022-10-28 21:00:12,823:, INFO:,root:,*******testcheckinput********
2022-10-28 21:03:00,738:, INFO:,root:,*******testcheckinput********
2022-10-28 21:03:56,568:, INFO:,root:,*******testcheckinput********
2022-10-28 21:07:04,948:, INFO:,root:,*******testcheckinput********
2022-10-28 21:07:37,032:, INFO:,root:,*******testcheckinput********
2022-10-28 21:16:03,031:, INFO:,root:,*******testcheckinput********
2022-10-28 21:17:44,554:, INFO:,root:,*******testcheckinput********
2022-10-28 21:18:37,917:, INFO:,root:,*******testcheckinput********
2022-10-28 21:19:36,338:, INFO:,root:,*******testcheckinput********
2022-10-28 21:20:07,052:, INFO:,root:,*******testcheckinput********
2022-10-28 21:21:34,458:, INFO:,root:,*******testcheckinput********
2022-10-28 21:26:18,027:, INFO:,root:,*******testcheckinput********
2022-10-28 21:28:57,508:, INFO:,root:,*******testcheckinput********
2022-10-28 21:29:37,893:, INFO:,root:,*******testcheckinput********
2022-10-28 22:02:36,842:, INFO:,root:,*******testcheckinput********
2022-10-28 22:04:09,836:, INFO:,root:,*******testcheckinput********
2022-10-28 22:36:53,864:, INFO:,root:,*******testcheckinput********
2022-10-28 22:38:34,760:, INFO:,root:,*******testcheckinput********
2022-10-29 19:50:25,776:, INFO:,root:,*******testcheckinput********
2022-10-29 20:00:43,688:, INFO:,root:,*******testcheckinput********
2022-10-29 20:06:56,434:, INFO:,root:,*******testcheckinput********
2022-10-29 20:07:57,471:, INFO:,root:,*******testcheckinput********
2022-10-29 20:16:36,441:, INFO:,root:,*******testcheckinput********
2022-10-29 20:32:47,940:, INFO:,root:,*******testcheckinput********
2022-10-29 20:42:13,233:, INFO:,root:,*******testcheckinput********
2022-10-29 20:47:45,278:, INFO:,root:,*******testcheckinput********
2022-10-29 20:50:23,012:, INFO:,root:,*******testcheckinput********
2022-10-29 20:57:19,070:, INFO:,root:,*******testcheckinput********
2022-10-29 20:58:09,610:, INFO:,root:,*******testcheckinput********
2022-10-29 20:59:25,042:, INFO:,root:,*******testcheckinput********
2022-10-29 21:43:47,092:, INFO:,root:,*******testcheckinput********
2022-10-29 21:52:36,139:, INFO:,root:,*******testcheckinput********
2022-10-29 21:54:25,593:, INFO:,root:,*******testcheckinput********
2022-10-29 22:02:21,059:, INFO:,root:,*******testcheckinput********
2022-10-29 22:03:37,859:, INFO:,root:,*******testcheckinput********
2022-10-29 22:07:32,735:, INFO:,root:,*******testcheckinput********
2022-10-29 22:11:02,512:, INFO:,root:,*******testcheckinput********
2022-10-30 17:25:59,468:, INFO:,root:,*******testcheckinput********
2022-10-30 17:30:40,375:, INFO:,root:,*******testcheckinput********
2022-10-30 17:47:19,414:, INFO:,root:,*******testcheckinput********
2022-10-30 17:57:19,699:, INFO:,root:,*******testcheckinput********
2022-10-30 18:00:13,100:, INFO:,root:,*******testcheckinput********
2022-10-30 18:00:57,840:, INFO:,root:,*******testcheckinput********
2022-10-30 18:02:04,386:, INFO:,root:,*******testcheckinput********
2022-10-30 18:02:31,875:, INFO:,root:,*******testcheckinput********
2022-10-30 18:02:45,349:, INFO:,root:,*******testcheckinput********
2022-10-30 18:03:15,115:, INFO:,root:,*******testcheckinput********
2022-10-30 18:03:22,463:, INFO:,root:,*******testcheckinput********
2022-10-30 18:07:24,561:, INFO:,root:,*******testcheckinput********
2022-10-30 18:14:17,229:, INFO:,root:,*******testcheckinput********
2022-10-30 18:17:38,775:, INFO:,root:,*******testcheckinput********
2022-10-30 18:18:51,394:, INFO:,root:,*******testcheckinput********
2022-10-30 18:38:48,643:, INFO:,root:,*******testcheckinput********
2022-10-30 18:39:19,292:, INFO:,root:,*******testcheckinput********
2022-10-30 18:40:26,935:, INFO:,root:,*******testcheckinput********
2022-10-30 18:41:00,273:, INFO:,root:,*******testcheckinput********
2022-10-30 18:43:48,670:, INFO:,root:,*******testcheckinput********
2022-10-30 18:46:21,097:, INFO:,root:,*******testcheckinput********
2022-10-30 18:48:36,057:, INFO:,root:,*******testcheckinput********
2022-10-30 18:49:05,277:, INFO:,root:,*******testcheckinput********
2022-10-30 18:51:36,330:, INFO:,root:,*******testcheckinput********
2022-10-30 18:52:16,280:, INFO:,root:,*******testcheckinput********
2022-10-30 18:52:55,358:, INFO:,root:,*******testcheckinput********
2022-10-30 18:55:41,867:, INFO:,root:,*******testcheckinput********
2022-10-30 18:56:08,948:, INFO:,root:,*******testcheckinput********
2022-10-30 18:56:16,340:, INFO:,root:,*******testcheckinput********
2022-10-30 18:57:13,426:, INFO:,root:,*******testcheckinput********
2022-10-30 20:48:58,091:, INFO:,root:,*******testcheckinput1********
2022-10-30 20:51:02,209:, INFO:,root:,*******testcheckinput1********
2022-10-30 20:52:16,489:, INFO:,root:,*******testcheckinput1********
2022-10-30 21:00:57,397:, INFO:,root:,*******testlogin1********
2022-10-30 21:01:23,620:, ERROR:,root:,*******login unsuccessful********
2022-10-30 21:04:52,458:, INFO:,root:,*******testlogin1********
2022-10-30 21:05:46,257:, INFO:,root:,*******testlogin1********
2022-10-30 21:07:48,995:, INFO:,root:,*******testlogin1********
2022-10-30 21:07:59,053:, INFO:,root:,*******login successful********
2022-10-30 21:10:41,339:, INFO:,root:,*******testlogin2********
2022-10-30 21:11:09,222:, ERROR:,root:,*******login unsuccessful********
2022-10-30 21:13:23,988:, INFO:,root:,*******testlogin1********
2022-10-30 21:13:39,367:, INFO:,root:,*******login successful********
2022-10-30 21:13:40,569:, INFO:,root:,*******testlogin2********
2022-10-30 21:13:51,169:, ERROR:,root:,*******login unsuccessful********
2022-10-30 21:24:15,358:, INFO:,root:,*******testlogin2********
2022-10-30 21:24:27,412:, ERROR:,root:,*******login unsuccessful********
2022-10-30 21:26:37,993:, INFO:,root:,*******testlogin2********
2022-10-30 21:26:51,066:, ERROR:,root:,*******login unsuccessful********
2022-10-30 21:27:31,061:, INFO:,root:,*******testlogin2********
2022-10-30 21:27:38,901:, ERROR:,root:,*******login unsuccessful********
2022-10-30 21:36:21,967:, INFO:,root:,*******testlogin1********
2022-10-30 21:37:32,737:, INFO:,root:,*******testlogin1********
2022-10-30 21:50:49,414:, INFO:,root:,*******testlogin1********
2022-10-30 21:52:23,387:, INFO:,root:,*******testsigningpage2********
2022-10-30 21:52:40,397:, ERROR:,root:,*******registration is unsuccessful********
2022-10-30 21:53:52,242:, INFO:,root:,*******testlogin1********
2022-10-30 22:13:23,161:, INFO:,root:,*******testlogin1********
2022-10-31 07:18:09,985:, INFO:,root:,*******testlogin1********
2022-10-31 07:27:25,765:, INFO:,root:,*******testlogin1********
2022-10-31 07:28:24,643:, INFO:,root:,*******testlogin1********
2022-10-31 07:42:05,580:, INFO:,root:,*******testlogin1********
2022-10-31 07:43:04,123:, INFO:,root:,*******testlogin1********
2022-10-31 07:44:07,467:, INFO:,root:,*******testlogin1********
2022-10-31 08:23:14,354:, INFO:,root:,*******testlogin1********
2022-10-31 08:24:23,841:, INFO:,root:,*******testlogin1********
2022-10-31 08:25:01,025:, INFO:,root:,*******testlogin1********
2022-10-31 08:26:55,811:, INFO:,root:,*******testlogin1********
2022-10-31 08:27:39,806:, INFO:,root:,*******testlogin1********
2022-10-31 08:34:56,626:, INFO:,root:,*******testcheckinput3********
2022-10-31 08:36:58,882:, INFO:,root:,*******testcheckinput3********
2022-10-31 08:40:57,216:, INFO:,root:,*******testcheckinput3********
2022-10-31 08:49:12,943:, INFO:,root:,*******testcheckinput3********
2022-10-31 08:51:46,594:, INFO:,root:,*******testlogin1********
2022-10-31 08:52:28,087:, INFO:,root:,*******testcheckinput3********
2022-10-31 08:58:04,736:, INFO:,root:,*******testcheckinput3********
2022-10-31 09:10:38,954:, INFO:,root:,*******testcheckinput3********
2022-10-31 09:11:50,667:, INFO:,root:,*******testcheckinput3********
2022-10-31 09:12:39,320:, INFO:,root:,*******testcheckinput3********
2022-10-31 09:12:59,766:, INFO:,root:,*******testcheckinput3********
2022-10-31 09:19:45,696:, INFO:,root:,*******testcheckinput1********
2022-10-31 09:20:02,854:, INFO:,root:,*******testcheckinput2********
2022-10-31 09:20:28,784:, INFO:,root:,*******testcheckinput3********
2022-10-31 09:20:52,658:, INFO:,root:,*******testcheckinput4********
2022-10-31 09:33:22,212:, INFO:,root:,*******testcheckinput4********
2022-10-31 09:34:58,148:, INFO:,root:,*******testcheckinput1********
2022-10-31 10:08:43,706:, INFO:,root:,*******testlogin1********
2022-10-31 10:09:54,217:, INFO:,root:,*******testlogin1********
2022-10-31 10:10:51,995:, INFO:,root:,*******testlogin1********
2022-10-31 10:12:57,609:, INFO:,root:,*******testlogin1********
2022-10-31 10:13:43,773:, INFO:,root:,*******testlogin1********
2022-10-31 10:23:08,060:, INFO:,root:,*******testlogin1********
2022-10-31 10:25:02,285:, INFO:,root:,*******testlogin1********
2022-10-31 10:31:12,073:, INFO:,root:,*******testlogin1********
2022-10-31 10:32:31,399:, INFO:,root:,*******testlogin1********
2022-10-31 10:33:11,774:, INFO:,root:,*******testlogin1********
2022-10-31 10:34:33,756:, INFO:,root:,*******testlogin1********
2022-10-31 10:46:29,635:, INFO:,root:,*******testlogin1********
2022-10-31 10:48:03,683:, INFO:,root:,*******testlogin1********
2022-10-31 10:52:58,906:, INFO:,root:,*******testlogin1********
2022-10-31 10:58:25,023:, INFO:,root:,*******testlogin1********
2022-10-31 10:58:53,689:, INFO:,root:,*******testlogin1********
2022-10-31 11:02:47,314:, INFO:,root:,*******testlogin1********
2022-10-31 11:03:24,758:, INFO:,root:,*******testlogin1********
2022-10-31 11:04:00,532:, INFO:,root:,*******testlogin1********
2022-10-31 11:07:31,064:, INFO:,root:,*******testlogin1********
2022-10-31 11:08:22,530:, INFO:,root:,*******testlogin1********
2022-10-31 11:14:33,753:, INFO:,root:,*******testselectorder1********
2022-10-31 11:14:45,551:, INFO:,root:,*******in casualdresses section********
2022-10-31 11:14:45,669:, INFO:,root:,*******product count is same as per shown.********
2022-10-31 11:14:46,028:, ERROR:,root:,*******product is not added to cart********
2022-10-31 11:16:02,781:, INFO:,root:,*******testselectorder1********
2022-10-31 11:16:15,328:, INFO:,root:,*******in casualdresses section********
2022-10-31 11:16:15,434:, INFO:,root:,*******product count is same as per shown.********
2022-10-31 11:17:01,118:, INFO:,root:,*******testselectorder1********
2022-10-31 11:17:15,336:, INFO:,root:,*******in casualdresses section********
2022-10-31 11:17:15,454:, INFO:,root:,*******product count is same as per shown.********
2022-10-31 11:19:09,146:, INFO:,root:,*******testselectorder1********
2022-10-31 11:19:20,091:, INFO:,root:,*******in casualdresses section********
2022-10-31 11:19:20,184:, INFO:,root:,*******product count is same as per shown.********
2022-10-31 11:34:39,985:, INFO:,root:,*******testselectorder1********
2022-10-31 11:34:53,923:, INFO:,root:,*******in casualdresses section********
2022-10-31 11:34:54,007:, INFO:,root:,*******product count is same as per shown.********
2022-10-31 11:35:57,052:, INFO:,root:,*******testselectorder1********
2022-10-31 11:36:12,455:, INFO:,root:,*******in casualdresses section********
2022-10-31 11:36:12,555:, INFO:,root:,*******product count is same as per shown.********
2022-10-31 11:37:26,067:, INFO:,root:,*******testselectorder1********
2022-10-31 11:37:50,301:, INFO:,root:,*******in casualdresses section********
2022-10-31 11:37:50,393:, INFO:,root:,*******product count is same as per shown.********
2022-10-31 11:38:18,158:, INFO:,root:,*******testselectorder1********
2022-10-31 11:38:32,488:, INFO:,root:,*******in casualdresses section********
2022-10-31 11:38:32,575:, INFO:,root:,*******product count is same as per shown.********
2022-10-31 11:40:06,455:, INFO:,root:,*******testselectorder1********
2022-10-31 11:40:18,120:, INFO:,root:,*******in casualdresses section********
2022-10-31 11:40:18,202:, INFO:,root:,*******product count is same as per shown.********
2022-10-31 11:45:23,383:, INFO:,root:,*******testselectorder1********
2022-10-31 11:45:37,676:, INFO:,root:,*******in casualdresses section********
2022-10-31 11:45:37,772:, INFO:,root:,*******product count is same as per shown.********
2022-10-31 12:01:43,081:, INFO:,root:,*******testselectorder1********
2022-10-31 12:01:58,775:, INFO:,root:,*******in casualdresses section********
2022-10-31 12:01:58,874:, INFO:,root:,*******product count is same as per shown.********
2022-10-31 12:08:07,895:, INFO:,root:,*******testselectorder1********
2022-10-31 12:08:41,752:, INFO:,root:,*******in casualdresses section********
2022-10-31 12:08:41,844:, INFO:,root:,*******product count is same as per shown.********
2022-10-31 12:24:29,641:, INFO:,root:,*******testselectorder1********
2022-10-31 12:24:44,709:, INFO:,root:,*******in casualdresses section********
2022-10-31 12:24:44,811:, INFO:,root:,*******product count is same as per shown.********
2022-10-31 12:29:57,995:, INFO:,root:,*******testselectorder1********
2022-10-31 12:30:12,166:, INFO:,root:,*******in casualdresses section********
2022-10-31 12:30:12,252:, INFO:,root:,*******product count is same as per shown.********
2022-10-31 12:42:32,093:, INFO:,root:,*******testselectorder1********
2022-10-31 12:43:20,163:, INFO:,root:,*******in casualdresses section********
2022-10-31 12:43:20,263:, INFO:,root:,*******product count is same as per shown.********
2022-10-31 12:43:50,619:, INFO:,root:,*******testselectorder1********
2022-10-31 12:44:23,837:, INFO:,root:,*******in casualdresses section********
2022-10-31 12:44:23,938:, INFO:,root:,*******product count is same as per shown.********
2022-10-31 12:52:32,089:, INFO:,root:,*******testselectorder1********
2022-10-31 12:52:52,846:, INFO:,root:,*******in casualdresses section********
2022-10-31 12:52:52,963:, INFO:,root:,*******product count is same as per shown.********
2022-11-03 16:47:59,086:, INFO:,root:,*******testselectorder1********
2022-11-03 16:48:37,914:, INFO:,root:,*******in casualdresses section********
2022-11-03 16:48:38,140:, INFO:,root:,*******product count is same as per shown.********
2022-11-03 16:55:00,502:, INFO:,root:,*******testselectorder1********
2022-11-03 16:55:52,476:, INFO:,root:,*******in casualdresses section********
2022-11-03 16:55:52,700:, INFO:,root:,*******product count is same as per shown.********
2022-11-03 17:24:48,760:, INFO:,root:,*******testselectorder1********
2022-11-03 17:26:14,392:, INFO:,root:,*******in casualdresses section********
2022-11-03 17:26:14,590:, INFO:,root:,*******product count is same as per shown.********
2022-11-03 17:37:28,312:, INFO:,root:,*******testselectorder1********
2022-11-03 17:38:24,416:, INFO:,root:,*******in casualdresses section********
2022-11-03 17:38:24,664:, INFO:,root:,*******product count is same as per shown.********
2022-11-03 17:58:40,614:, INFO:,root:,*******testselectorder1********
2022-11-03 17:58:54,926:, INFO:,root:,*******in casualdresses section********
2022-11-03 17:58:55,159:, INFO:,root:,*******product count is same as per shown.********
2022-11-03 18:03:47,768:, INFO:,root:,*******testselectorder1********
2022-11-03 18:04:04,865:, INFO:,root:,*******in casualdresses section********
2022-11-03 18:04:05,076:, INFO:,root:,*******product count is same as per shown.********
2022-11-03 18:07:03,384:, INFO:,root:,*******testselectorder1********
2022-11-03 18:07:23,646:, INFO:,root:,*******in casualdresses section********
2022-11-03 18:07:23,880:, INFO:,root:,*******product count is same as per shown.********
2022-11-03 18:10:07,601:, INFO:,root:,*******testselectorder1********
2022-11-03 18:10:30,106:, INFO:,root:,*******in casualdresses section********
2022-11-03 18:10:30,374:, INFO:,root:,*******product count is same as per shown.********
2022-11-03 18:20:22,965:, INFO:,root:,*******testselectorder1********
2022-11-03 18:20:40,533:, INFO:,root:,*******in casualdresses section********
2022-11-03 18:20:40,780:, INFO:,root:,*******product count is same as per shown.********
2022-11-03 18:22:41,612:, INFO:,root:,*******testselectorder1********
2022-11-03 18:23:08,268:, INFO:,root:,*******in casualdresses section********
2022-11-03 18:23:08,468:, INFO:,root:,*******product count is same as per shown.********
2022-11-03 18:24:30,775:, INFO:,root:,*******testselectorder1********
2022-11-03 18:24:44,340:, INFO:,root:,*******in casualdresses section********
2022-11-03 18:24:44,587:, INFO:,root:,*******product count is same as per shown.********
2022-11-03 19:24:21,233:, INFO:,root:,*******testselectorder1********
2022-11-03 19:24:43,760:, INFO:,root:,*******in casualdresses section********
2022-11-03 19:24:43,882:, INFO:,root:,*******product count is same as per shown.********
2022-11-03 19:25:13,319:, INFO:,root:,*******testselectorder1********
2022-11-03 19:25:58,326:, INFO:,root:,*******in casualdresses section********
2022-11-03 19:25:58,442:, INFO:,root:,*******product count is same as per shown.********
2022-11-03 19:27:27,036:, INFO:,root:,*******testselectorder1********
2022-11-03 19:28:04,855:, INFO:,root:,*******in casualdresses section********
2022-11-03 19:28:04,976:, INFO:,root:,*******product count is same as per shown.********
2022-11-03 19:28:24,452:, INFO:,root:,*******at orderpage*******
2022-11-03 19:33:42,725:, INFO:,root:,*******testselectorder1********
2022-11-03 19:34:15,136:, INFO:,root:,*******in casualdresses section********
2022-11-03 19:34:15,242:, INFO:,root:,*******product count is same as per shown.********
2022-11-03 19:34:28,414:, INFO:,root:,*******at orderpage*******
2022-11-03 20:53:22,166:, INFO:,root:,*******testselectorder1********
2022-11-03 20:53:59,393:, INFO:,root:,*******testselectorder1********
2022-11-03 21:00:16,498:, INFO:,root:,*******testselectorder1********
2022-11-03 21:00:29,777:, INFO:,root:,*******in casualdresses section********
2022-11-03 21:00:30,008:, INFO:,root:,*******product count is same as per shown.********
2022-11-03 21:00:42,997:, INFO:,root:,*******at orderpage*******
2022-11-03 21:03:32,871:, INFO:,root:,*******testselectorder1********
2022-11-03 21:03:48,452:, INFO:,root:,*******in casualdresses section********
2022-11-03 21:03:48,637:, INFO:,root:,*******product count is same as per shown.********
2022-11-03 21:04:01,532:, INFO:,root:,*******at orderpage*******
2022-11-03 21:19:02,178:, INFO:,root:,*******testselectorder1********
2022-11-03 21:19:16,227:, ERROR:,root:,***************
2022-11-03 21:22:20,073:, INFO:,root:,*******testselectorder1********
2022-11-03 21:22:35,223:, INFO:,root:,*******in casualdresses section********
2022-11-03 21:22:35,416:, INFO:,root:,*******product count is same as per shown.********
2022-11-03 21:26:43,916:, INFO:,root:,*******testselectorder1********
2022-11-03 21:27:00,705:, INFO:,root:,*******in casualdresses section********
2022-11-03 21:27:00,938:, INFO:,root:,*******product count is same as per shown.********
2022-11-03 21:27:13,611:, INFO:,root:,*******at orderpage*******
2022-11-03 21:28:00,182:, INFO:,root:,*******testselectorder1********
2022-11-03 21:28:14,224:, INFO:,root:,*******in casualdresses section********
2022-11-03 21:28:14,464:, INFO:,root:,*******product count is same as per shown.********
2022-11-03 21:28:22,307:, INFO:,root:,*******at orderpage*******
2022-11-03 21:28:26,616:, INFO:,root:,*******order deleted*******
2022-11-03 21:30:56,405:, INFO:,root:,*******testselectorder1********
2022-11-03 21:31:09,544:, INFO:,root:,*******in casualdresses section********
2022-11-03 21:31:09,800:, INFO:,root:,*******product count is same as per shown.********
2022-11-03 21:31:17,806:, INFO:,root:,*******at orderpage*******
2022-11-03 21:31:21,572:, INFO:,root:,*******order deleted*******
2022-11-03 21:31:51,736:, INFO:,root:,*******testselectorder1********
2022-11-03 21:32:10,574:, INFO:,root:,*******in casualdresses section********
2022-11-03 21:32:10,821:, INFO:,root:,*******product count is same as per shown.********
2022-11-03 21:32:18,810:, INFO:,root:,*******at orderpage*******
2022-11-03 21:32:22,980:, INFO:,root:,*******order deleted*******
2022-11-03 21:39:37,639:, INFO:,root:,*******testselectorder1********
2022-11-03 21:39:53,935:, INFO:,root:,*******in casualdresses section********
2022-11-03 21:39:54,213:, INFO:,root:,*******product count is same as per shown.********
2022-11-03 21:40:02,042:, INFO:,root:,*******at orderpage*******
2022-11-03 21:40:05,770:, INFO:,root:,*******order deleted*******
2022-11-03 21:40:05,828:, ERROR:,root:,*******cart is not empty*******
2022-11-03 21:42:00,138:, INFO:,root:,*******testselectorder1********
2022-11-03 21:42:14,110:, INFO:,root:,*******in casualdresses section********
2022-11-03 21:42:14,382:, INFO:,root:,*******product count is same as per shown.********
2022-11-03 21:42:23,172:, INFO:,root:,*******at orderpage*******
2022-11-03 21:42:26,297:, INFO:,root:,*******order deleted*******
2022-11-03 21:42:26,338:, ERROR:,root:,*******cart is not empty*******
2022-11-03 21:43:08,886:, INFO:,root:,*******testselectorder1********
2022-11-03 21:43:25,276:, INFO:,root:,*******in casualdresses section********
2022-11-03 21:43:25,427:, INFO:,root:,*******product count is same as per shown.********
2022-11-03 21:43:33,630:, INFO:,root:,*******at orderpage*******
2022-11-03 21:43:36,774:, INFO:,root:,*******order deleted*******
2022-11-03 21:55:58,255:, INFO:,root:,*******testselectorder1********
2022-11-03 21:56:11,566:, INFO:,root:,*******in casualdresses section********
2022-11-03 21:56:11,766:, INFO:,root:,*******product count is same as per shown.********
2022-11-03 22:07:46,569:, INFO:,root:,*******testselectorder1********
2022-11-03 22:08:04,082:, INFO:,root:,*******in casualdresses section********
2022-11-03 22:08:04,300:, INFO:,root:,*******product count is same as per shown.********
2022-11-03 22:08:17,959:, INFO:,root:,*******at orderpage*******
2022-11-03 22:08:21,091:, ERROR:,root:,*******Order has not been deleted*******
2022-11-03 22:09:22,109:, INFO:,root:,*******testselectorder1********
2022-11-03 22:10:08,289:, INFO:,root:,*******in casualdresses section********
2022-11-03 22:10:08,561:, INFO:,root:,*******product count is same as per shown.********
2022-11-03 22:10:17,816:, INFO:,root:,*******at orderpage*******
2022-11-03 22:10:22,584:, INFO:,root:,*******order deleted*******
2022-11-04 10:22:00,731:, INFO:,root:,*******testselectorder1********
2022-11-04 10:22:16,866:, INFO:,root:,*******in casualdresses section********
2022-11-04 10:22:17,095:, INFO:,root:,*******product count is same as per shown.********
2022-11-04 10:22:22,576:, INFO:,root:,*******product added successfully text has not come.********
2022-11-04 10:22:24,798:, INFO:,root:,*******at orderpage*******
2022-11-04 10:22:28,779:, INFO:,root:,*******order deleted*******
2022-11-04 10:23:16,854:, INFO:,root:,*******testselectorder1********
2022-11-04 10:23:30,080:, INFO:,root:,*******in casualdresses section********
2022-11-04 10:23:30,328:, INFO:,root:,*******product count is same as per shown.********
2022-11-04 10:23:35,790:, INFO:,root:,*******product added successfully text has not come.********
2022-11-04 10:23:37,746:, INFO:,root:,*******at orderpage*******
2022-11-04 10:23:40,873:, INFO:,root:,*******order deleted*******
2022-11-04 10:23:40,922:, INFO:,root:,*******cart is empty*******
2022-11-04 10:41:52,827:, INFO:,root:,*******testselectorder1********
2022-11-04 10:47:25,007:, INFO:,root:,*******testselectorder1********
2022-11-04 10:47:54,404:, INFO:,root:,*******testselectorder1********
2022-11-04 10:48:39,330:, INFO:,root:,*******testselectorder1********
2022-11-04 10:50:35,803:, INFO:,root:,*******testselectorder1********
2022-11-04 10:51:44,998:, INFO:,root:,*******testselectorder1********
2022-11-04 11:00:01,496:, INFO:,root:,*******testselectorder1********
2022-11-04 11:00:08,956:, INFO:,root:,*******testselectorder1********
2022-11-04 11:00:18,998:, INFO:,root:,*******testselectorder1********
2022-11-04 11:12:24,296:, INFO:,root:,*******testselectorder1********
2022-11-04 12:11:45,557:, INFO:,root:,*******testselectorder1********
2022-11-04 12:11:53,555:, INFO:,root:,*******testselectorder1********
2022-11-04 12:12:08,018:, INFO:,root:,*******testselectorder1********
2022-11-04 12:12:17,601:, INFO:,root:,*******testselectorder1********
2022-11-04 12:12:25,766:, INFO:,root:,*******testselectorder1********
2022-11-04 12:12:44,900:, INFO:,root:,*******testselectorder1********
2022-11-04 12:12:59,304:, INFO:,root:,*******testselectorder1********
2022-11-04 12:13:08,503:, INFO:,root:,*******testselectorder1********
2022-11-04 12:13:25,787:, INFO:,root:,*******testselectorder1********
2022-11-04 12:57:20,929:, INFO:,root:,*******testselectorder1********
2022-11-04 13:04:17,890:, INFO:,root:,*******testselectorder1********
2022-11-04 13:05:33,466:, INFO:,root:,*******testselectorder1********
2022-11-04 13:08:16,942:, INFO:,root:,*******testselectorder1********
2022-11-04 13:12:15,639:, INFO:,root:,*******testselectorder1********
2022-11-04 13:16:11,246:, INFO:,root:,*******testselectorder1********
2022-11-04 13:22:50,094:, INFO:,root:,*******testselectorder1********
2022-11-04 13:23:51,175:, INFO:,root:,*******testselectorder1********
2022-11-04 13:26:32,416:, INFO:,root:,*******testselectorder1********
2022-11-04 13:27:07,642:, INFO:,root:,*******testselectorder1********
2022-11-04 13:55:38,539:, INFO:,root:,*******testselectorder1********
2022-11-04 14:02:30,137:, INFO:,root:,*******testselectorder1********
2022-11-04 14:04:00,802:, INFO:,root:,*******testselectorder1********
2022-11-04 14:05:05,317:, INFO:,root:,*******testselectorder1********
2022-11-04 14:12:00,172:, INFO:,root:,*******testselectorder1********
2022-11-04 14:13:32,079:, INFO:,root:,*******testselectorder1********
2022-11-04 15:27:06,875:, INFO:,root:,*******testselectorder1********
2022-11-04 15:27:13,820:, INFO:,root:,*******testselectorder1********
2022-11-04 15:27:18,807:, INFO:,root:,*******testselectorder1********
2022-11-04 15:27:26,262:, INFO:,root:,*******testselectorder1********
2022-11-04 15:27:39,808:, INFO:,root:,*******testselectorder1********
2022-11-04 15:27:46,289:, INFO:,root:,*******testselectorder1********
2022-11-04 15:27:57,445:, INFO:,root:,*******testselectorder1********
2022-11-04 15:28:07,094:, INFO:,root:,*******testselectorder1********
2022-11-04 19:39:59,030:, INFO:,root:,*******testselectorder1********
2022-11-04 19:47:24,744:, INFO:,root:,*******testselectorder1********
2022-11-04 19:55:45,385:, INFO:,root:,*******testselectorder1********
2022-11-04 20:01:45,299:, INFO:,root:,*******testselectorder1********
2022-11-04 20:34:17,768:, INFO:,root:,*******testselectorder1********
2022-11-04 20:35:17,423:, INFO:,root:,*******testselectorder1********
2022-11-04 20:35:31,158:, INFO:,root:,*******testselectorder1********
2022-11-04 20:44:48,615:, INFO:,root:,*******testselectorder1********
2022-11-04 20:51:29,376:, INFO:,root:,*******testselectorder1********
2022-11-04 20:53:56,552:, INFO:,root:,*******testselectorder1********
2022-11-04 20:56:08,377:, INFO:,root:,*******testselectorder1********
2022-11-04 20:58:45,411:, INFO:,root:,*******testselectorder1********
2022-11-04 21:03:10,440:, INFO:,root:,*******testselectorder1********
2022-11-04 21:07:06,295:, INFO:,root:,*******testselectorder1********
2022-11-04 21:08:25,527:, INFO:,root:,*******testselectorder1********
2022-11-04 21:11:15,486:, INFO:,root:,*******testselectorder1********
2022-11-04 21:12:43,470:, INFO:,root:,*******testselectorder1********
2022-11-04 21:22:06,890:, INFO:,root:,*******testselectorder1********
2022-11-04 21:23:02,317:, INFO:,root:,*******testselectorder1********
2022-11-05 16:59:24,410:, INFO:,root:,*******testselectorder1********
2022-11-05 17:06:45,696:, INFO:,root:,*******testselectorder1********
2022-11-05 17:16:08,191:, INFO:,root:,*******testselectorder1********
2022-11-05 17:22:54,041:, INFO:,root:,*******testselectorder1********
2022-11-05 17:31:36,781:, INFO:,root:,*******testselectorder1********
2022-11-05 17:32:58,127:, INFO:,root:,*******testselectorder1********
2022-11-05 17:37:45,500:, INFO:,root:,*******testselectorder1********
2022-11-05 17:44:14,382:, INFO:,root:,*******testselectorder1********
2022-11-05 17:50:44,767:, INFO:,root:,*******testselectorder1********
2022-11-05 17:52:54,787:, INFO:,root:,*******testselectorder1********
2022-11-05 17:55:07,857:, INFO:,root:,*******testselectorder1********
2022-11-05 17:57:59,171:, INFO:,root:,*******testselectorder1********
2022-11-05 17:59:20,673:, INFO:,root:,*******testselectorder1********
2022-11-05 18:02:29,498:, INFO:,root:,*******testselectorder1********
2022-11-05 18:04:15,482:, INFO:,root:,*******testselectorder1********
2022-11-05 18:29:26,879:, INFO:,root:,*******testselectorder1********
2022-11-05 18:32:13,260:, INFO:,root:,*******testselectorder1********
2022-11-05 18:37:14,473:, INFO:,root:,*******testselectorder1********
2022-11-05 18:40:36,674:, INFO:,root:,*******testselectorder1********
2022-11-05 18:42:11,732:, INFO:,root:,*******testselectorder1********
2022-11-05 18:53:18,484:, INFO:,root:,*******testselectorder1********
2022-11-05 18:57:30,406:, INFO:,root:,*******testselectorder1********
2022-11-05 18:58:47,439:, INFO:,root:,*******testselectorder1********
2022-11-05 19:00:22,752:, INFO:,root:,*******testselectorder1********
2022-11-05 19:02:38,607:, INFO:,root:,*******testselectorder1********
2022-11-05 19:13:04,044:, INFO:,root:,*******testselectorder1********
2022-11-05 19:25:40,410:, INFO:,root:,*******testselectorder1********
2022-11-05 19:27:20,540:, INFO:,root:,*******testselectorder1********
2022-11-06 14:48:23,597:, INFO:,root:,*******testselectorder1********
2022-11-06 14:49:27,763:, INFO:,root:,*******testselectorder1********
2022-11-06 15:03:37,862:, INFO:,root:,*******testselectorder1********
2022-11-06 15:05:06,353:, INFO:,root:,*******testselectorder1********
2022-11-06 15:06:16,211:, INFO:,root:,*******testselectorder1********
2022-11-06 15:07:17,591:, INFO:,root:,*******testselectorder1********
2022-11-06 15:16:46,031:, INFO:,root:,*******testselectorder1********
2022-11-06 15:18:07,609:, INFO:,root:,*******testselectorder1********
2022-11-06 15:32:30,496:, INFO:,root:,*******testselectorder1********
2022-11-06 15:33:44,939:, INFO:,root:,*******testselectorder1********
2022-11-06 15:36:21,224:, INFO:,root:,*******testselectorder1********
2022-11-06 15:39:14,449:, INFO:,root:,*******testselectorder1********
2022-11-06 15:45:04,666:, INFO:,root:,*******testselectorder1********
2022-11-06 15:49:16,606:, INFO:,root:,*******testselectorder1********
2022-11-06 15:54:13,535:, INFO:,root:,*******testselectorder1********
2022-11-06 15:57:02,113:, INFO:,root:,*******testselectorder1********
2022-11-06 16:00:35,579:, INFO:,root:,*******testselectorder1********
2022-11-06 16:07:31,138:, INFO:,root:,*******testselectorder1********
2022-11-06 16:18:52,263:, INFO:,root:,*******testselectorder1********
2022-11-06 16:19:46,746:, INFO:,root:,******Both addresses are equal********
2022-11-06 16:24:09,166:, INFO:,root:,*******testselectorder1********
2022-11-06 16:24:46,104:, INFO:,root:,******Both addresses are equal********
2022-11-06 16:29:37,060:, INFO:,root:,*******testselectorder1********
2022-11-06 16:30:32,852:, INFO:,root:,******Both addresses are equal********
2022-11-06 16:35:00,641:, INFO:,root:,*******testselectorder1********
2022-11-06 16:37:24,241:, INFO:,root:,*******testselectorder1********
2022-11-06 16:38:20,035:, INFO:,root:,*******testselectorder1********
2022-11-06 16:39:46,263:, INFO:,root:,******Both addresses are equal********
2022-11-06 18:08:26,865:, INFO:,root:,*******testselectorder1********
2022-11-06 18:08:58,152:, INFO:,root:,******Both addresses are equal********
2022-11-06 18:14:02,198:, INFO:,root:,*******testselectorder1********
2022-11-06 18:14:36,131:, INFO:,root:,******Both addresses are equal********
2022-11-06 18:27:27,681:, INFO:,root:,*******testselectorder1********
2022-11-06 18:28:03,328:, INFO:,root:,******Both addresses are equal********
2022-11-06 18:48:13,356:, INFO:,root:,*******testselectorder1********
2022-11-06 18:49:49,815:, INFO:,root:,******Both addresses are equal********
2022-11-06 19:15:13,006:, INFO:,root:,*******testselectorder1********
2022-11-06 19:16:00,564:, INFO:,root:,******Both addresses are equal********
2022-11-06 19:16:56,698:, INFO:,root:,*******testselectorder1********
2022-11-06 19:17:43,156:, INFO:,root:,******Both addresses are equal********
2022-11-06 19:26:44,723:, INFO:,root:,*******testselectorder1********
2022-11-06 19:27:17,145:, INFO:,root:,******Both addresses are equal********
2022-11-06 19:29:02,823:, INFO:,root:,*******testselectorder1********
2022-11-06 19:30:42,286:, INFO:,root:,*******testselectorder1********
2022-11-06 20:02:10,735:, INFO:,root:,*******testselectorder1********
2022-11-06 20:03:41,628:, INFO:,root:,*******testselectorder1********
2022-11-06 20:04:09,929:, INFO:,root:,******Both addresses are equal********
2022-11-06 20:07:49,735:, INFO:,root:,*******testselectorder1********
2022-11-06 20:08:45,720:, INFO:,root:,*******testselectorder1********
2022-11-06 20:09:25,130:, INFO:,root:,******Both addresses are equal********
2022-11-06 20:10:12,166:, INFO:,root:,*******testselectorder1********
2022-11-06 20:10:54,559:, INFO:,root:,*******testselectorder1********
2022-11-06 20:11:45,625:, INFO:,root:,******Both addresses are equal********
2022-11-06 20:14:59,884:, INFO:,root:,*******testselectorder1********
2022-11-06 20:15:41,604:, INFO:,root:,******Both addresses are equal********
2022-11-06 20:17:12,589:, INFO:,root:,*******testselectorder1********
2022-11-06 20:17:47,343:, INFO:,root:,******Both addresses are equal********
2022-11-06 20:44:46,546:, INFO:,root:,*******testselectorder1********
2022-11-06 20:46:14,365:, INFO:,root:,******Both addresses are equal********
2022-11-06 20:48:05,942:, INFO:,root:,*******testselectorder1********
2022-11-06 20:48:37,871:, INFO:,root:,******Both addresses are equal********
2022-11-06 20:56:43,705:, INFO:,root:,*******testselectorder1********
2022-11-06 20:58:00,778:, INFO:,root:,******Both addresses are equal********
2022-11-06 20:58:17,759:, INFO:,root:,*******testselectorder1********
2022-11-06 20:59:34,876:, INFO:,root:,*******testselectorder1********
2022-11-06 21:38:38,952:, INFO:,root:,*******testselectorder1********
2022-11-06 21:39:10,757:, INFO:,root:,******Both addresses are equal********
2022-11-06 21:43:43,108:, INFO:,root:,*******testselectorder1********
2022-11-06 21:44:35,438:, INFO:,root:,******Both addresses are equal********
2022-11-06 21:44:49,457:, INFO:,root:,*******testselectorder1********
2022-11-06 21:45:30,526:, INFO:,root:,******Both addresses are equal********
2022-11-06 21:49:18,573:, INFO:,root:,*******testselectorder1********
2022-11-06 21:49:50,878:, INFO:,root:,******Both addresses are equal********
2022-11-06 21:51:23,491:, INFO:,root:,*******testselectorder1********
2022-11-06 21:51:57,886:, INFO:,root:,******Both addresses are equal********
2022-11-06 21:52:52,507:, INFO:,root:,*******testselectorder1********
2022-11-06 21:53:22,718:, INFO:,root:,******Both addresses are equal********
2022-11-06 21:54:03,515:, INFO:,root:,*******testselectorder1********
2022-11-06 21:54:36,553:, INFO:,root:,******Both addresses are equal********
2022-11-06 22:16:04,393:, INFO:,root:,*******testselectorder1********
2022-11-06 22:17:09,067:, INFO:,root:,******Both addresses are equal********
2022-11-06 22:17:50,429:, INFO:,root:,*******testselectorder1********
2022-11-06 22:18:45,841:, INFO:,root:,******Both addresses are equal********
2022-11-06 22:22:51,762:, INFO:,root:,*******testselectorder1********
2022-11-06 22:23:32,490:, INFO:,root:,******Both addresses are equal********
2022-11-06 22:25:19,673:, INFO:,root:,*******testselectorder1********
2022-11-06 22:25:55,285:, INFO:,root:,******Both addresses are equal********
2022-11-06 22:31:38,911:, INFO:,root:,*******testselectorder1********
2022-11-06 22:32:11,659:, INFO:,root:,*******in casualdresses section********
2022-11-06 22:32:11,836:, INFO:,root:,*******product count is same as per shown.********
2022-11-06 22:32:17,295:, ERROR:,root:,*******product added successfully text has not come.********
2022-11-06 22:32:18,970:, INFO:,root:,*******testselectorder1********
2022-11-06 22:33:29,318:, INFO:,root:,*******testselectorder1********
2022-11-06 22:33:55,919:, INFO:,root:,*******in casualdresses section********
2022-11-06 22:33:56,099:, INFO:,root:,*******product count is same as per shown.********
2022-11-06 22:34:01,551:, ERROR:,root:,*******product added successfully text has not come.********
2022-11-06 22:34:03,135:, INFO:,root:,*******testselectorder1********
2022-11-06 22:36:35,284:, INFO:,root:,*******testselectorder1********
2022-11-06 22:37:01,585:, INFO:,root:,*******in casualdresses section********
2022-11-06 22:37:01,787:, INFO:,root:,*******product count is same as per shown.********
2022-11-06 22:37:07,253:, ERROR:,root:,*******product added successfully text has not come.********
2022-11-06 22:37:08,791:, INFO:,root:,*******testselectorder1********
2022-11-06 22:46:51,371:, INFO:,root:,*******testselectorder1********
2022-11-06 22:47:09,457:, INFO:,root:,*******in casualdresses section********
2022-11-06 22:47:09,647:, INFO:,root:,*******product count is same as per shown.********
2022-11-06 22:47:20,112:, INFO:,root:,*******product added successfully text has not come.********
2022-11-06 22:47:22,368:, INFO:,root:,*******at orderpage*******
2022-11-06 22:47:25,725:, INFO:,root:,*******order deleted*******
2022-11-06 22:47:25,774:, INFO:,root:,*******cart is empty*******
2022-11-06 22:47:27,237:, INFO:,root:,*******testselectorder1********
2022-11-06 22:50:10,432:, INFO:,root:,*******testselectorder1********
2022-11-06 22:50:39,361:, INFO:,root:,*******in casualdresses section********
2022-11-06 22:50:39,598:, INFO:,root:,*******product count is same as per shown.********
2022-11-06 22:50:50,115:, INFO:,root:,*******product added successfully text has not come.********
2022-11-06 22:50:56,382:, INFO:,root:,*******at orderpage*******
2022-11-06 22:50:59,524:, ERROR:,root:,*******Order has not been deleted*******
2022-11-06 22:51:01,007:, INFO:,root:,*******testselectorder1********
2022-11-06 22:51:32,904:, INFO:,root:,******Both addresses are equal********
2022-11-06 22:55:11,349:, INFO:,root:,*******testselectorder1********
2022-11-06 22:55:26,913:, INFO:,root:,*******in casualdresses section********
2022-11-06 22:55:27,191:, INFO:,root:,*******product count is same as per shown.********
2022-11-06 22:55:37,643:, INFO:,root:,*******product added successfully text has not come.********
2022-11-06 22:55:41,597:, INFO:,root:,*******at orderpage*******
2022-11-06 22:55:44,943:, INFO:,root:,*******order deleted*******
2022-11-06 22:55:44,975:, INFO:,root:,*******cart is empty*******
2022-11-06 22:56:02,361:, INFO:,root:,*******testselectorder1********
2022-11-06 22:56:39,969:, INFO:,root:,******Both addresses are equal********
